<?xml version="1.0" encoding="UTF-8"?>
<!-- Generated by org.testng.reporters.JUnitReportReporter -->
<testsuite hostname="PC2" failures="0" tests="1" name="com.testng.ParameteriseTestInTestNG" time="0.006" errors="0" timestamp="2024-11-23T20:30:59 IST" skipped="0">
  <testcase classname="com.testng.ParameteriseTestInTestNG" name="login" time="0.006"/>
  <system-out/>
</testsuite> <!-- com.testng.ParameteriseTestInTestNG -->
