<?xml version="1.0" encoding="UTF-8"?>
<!-- Generated by org.testng.reporters.JUnitReportReporter -->
<testsuite hostname="PC2" failures="0" tests="2" name="com.testng.TestNGAnnotation" time="0.009" errors="0" timestamp="2024-11-23T20:14:23 IST" skipped="0">
  <testcase classname="com.testng.TestNGAnnotation" name="test2" time="0.002"/>
  <system-out/>
  <testcase classname="com.testng.TestNGAnnotation" name="test1" time="0.007"/>
  <system-out/>
</testsuite> <!-- com.testng.TestNGAnnotation -->
