<?xml version="1.0" encoding="UTF-8"?>
<!-- Generated by org.testng.reporters.JUnitReportReporter -->
<testsuite hostname="PC2" failures="0" tests="1" name="com.testng.TestNGTest" time="0.005" errors="0" timestamp="2024-11-19T12:05:09 IST" skipped="0">
  <testcase classname="com.testng.TestNGTest" name="test1" time="0.005"/>
  <system-out/>
</testsuite> <!-- com.testng.TestNGTest -->
