<?xml version="1.0" encoding="UTF-8"?>
<!-- Generated by org.testng.reporters.JUnitReportReporter -->
<testsuite hostname="PC2" failures="0" tests="5" name="com.testng.PriortisedTestInTestNG" time="0.010" errors="0" timestamp="2024-11-23T20:44:58 IST" skipped="0">
  <testcase classname="com.testng.PriortisedTestInTestNG" name="login" time="0.005"/>
  <system-out/>
  <testcase classname="com.testng.PriortisedTestInTestNG" name="createProfile" time="0.001"/>
  <system-out/>
  <testcase classname="com.testng.PriortisedTestInTestNG" name="deleteProfile" time="0.001"/>
  <system-out/>
  <testcase classname="com.testng.PriortisedTestInTestNG" name="updateProfile" time="0.001"/>
  <system-out/>
  <testcase classname="com.testng.PriortisedTestInTestNG" name="logout" time="0.002"/>
  <system-out/>
</testsuite> <!-- com.testng.PriortisedTestInTestNG -->
