<?xml version="1.0" encoding="UTF-8"?>
<!-- Generated by org.testng.reporters.JUnitReportReporter -->
<testsuite hostname="PC2" failures="0" tests="1" name="com.testng.TC01" time="0.005" errors="0" timestamp="2024-11-23T21:02:52 IST" skipped="0">
  <testcase classname="com.testng.TC01" name="tc01" time="0.005"/>
  <system-out/>
</testsuite> <!-- com.testng.TC01 -->
